TN:
SF:/Users/adrienshen/Documents/rplus/chatbot-embedded/src/PubSub.ts
FN:9,(anonymous_0)
FN:14,(anonymous_1)
FN:17,(anonymous_2)
FN:22,(anonymous_3)
FN:30,(anonymous_4)
FN:31,(anonymous_5)
FNF:6
FNH:4
FNDA:1,(anonymous_0)
FNDA:2,(anonymous_1)
FNDA:3,(anonymous_2)
FNDA:3,(anonymous_3)
FNDA:0,(anonymous_4)
FNDA:0,(anonymous_5)
DA:11,1
DA:12,1
DA:15,2
DA:16,1
DA:17,1
DA:18,3
DA:23,3
DA:24,1
DA:26,2
DA:31,0
DA:33,0
DA:54,1
LF:12
LH:10
BRDA:15,0,0,1
BRDA:15,0,1,1
BRDA:16,1,0,1
BRDA:16,1,1,0
BRDA:23,2,0,1
BRDA:23,2,1,2
BRF:6
BRH:5
end_of_record
TN:
SF:/Users/adrienshen/Documents/rplus/chatbot-embedded/src/constants/InputEntities.ts
FN:36,(anonymous_0)
FNF:1
FNH:1
FNDA:3,(anonymous_0)
DA:19,1
DA:36,1
DA:37,3
LF:3
LH:3
BRF:0
BRH:0
end_of_record
TN:
SF:/Users/adrienshen/Documents/rplus/chatbot-embedded/src/storage/LocalStorage.ts
FN:3,(anonymous_0)
FN:5,(anonymous_1)
FN:11,(anonymous_2)
FN:17,(anonymous_3)
FN:25,(anonymous_4)
FN:35,(anonymous_5)
FN:36,(anonymous_6)
FN:37,(anonymous_7)
FN:29,(anonymous_8)
FNF:9
FNH:8
FNDA:1,(anonymous_0)
FNDA:6,(anonymous_1)
FNDA:1,(anonymous_2)
FNDA:0,(anonymous_3)
FNDA:1,(anonymous_4)
FNDA:1,(anonymous_5)
FNDA:1,(anonymous_6)
FNDA:1,(anonymous_7)
FNDA:1,(anonymous_8)
DA:1,1
DA:6,6
DA:7,6
DA:12,1
DA:13,1
DA:18,0
DA:26,1
DA:30,1
DA:31,1
DA:32,1
DA:35,1
DA:36,1
DA:37,1
DA:41,1
LF:14
LH:13
BRDA:6,0,0,6
BRDA:6,0,1,0
BRDA:12,1,0,1
BRDA:12,1,1,0
BRDA:36,2,0,0
BRDA:37,3,0,0
BRDA:29,4,0,0
BRDA:29,5,0,0
BRF:8
BRH:2
end_of_record
TN:
SF:/Users/adrienshen/Documents/rplus/chatbot-embedded/src/types/publishevents.ts
FN:3,(anonymous_0)
FNF:1
FNH:1
FNDA:1,(anonymous_0)
DA:3,1
DA:4,1
DA:5,1
DA:6,1
DA:7,1
DA:8,1
DA:9,1
DA:10,1
DA:11,1
DA:12,1
DA:13,1
DA:14,1
DA:15,1
DA:16,1
DA:17,1
DA:18,1
DA:19,1
DA:20,1
LF:18
LH:18
BRDA:3,0,0,1
BRDA:3,0,1,1
BRF:2
BRH:2
end_of_record
